<?xml version="1.0" encoding="UTF-8"?>
<!-- Generated by org.testng.reporters.JUnitReportReporter -->
<testsuite hostname="DESKTOP-3V017FK" failures="0" tests="3" name="testNGannotation.testNGUsed" time="0.006" errors="0" timestamp="2023-06-16T10:52:09 IST" skipped="0">
  <testcase classname="testNGannotation.testNGUsed" name="b" time="0.002">
    <system-out>
      <![CDATA[b is runing]]>
    </system-out>
  </testcase> <!-- b -->
  <testcase classname="testNGannotation.testNGUsed" name="a" time="0.002">
    <system-out>
      <![CDATA[a is runing]]>
    </system-out>
  </testcase> <!-- a -->
  <testcase classname="testNGannotation.testNGUsed" name="c" time="0.002">
    <system-out>
      <![CDATA[c is runing]]>
    </system-out>
  </testcase> <!-- c -->
  <system-out>
    <![CDATA[e is running
f is running
g is running
h is running
a is running
b is running
c is running
b is runing
a is runing
c is runing]]>
  </system-out>
</testsuite> <!-- testNGannotation.testNGUsed -->
