<?xml version="1.0" encoding="UTF-8"?>
<!-- Generated by org.testng.reporters.JUnitReportReporter -->
<testsuite hostname="DESKTOP-3V017FK" failures="0" tests="3" name="testNGpolicybazaarusingXMLfile.ValidatedPolicyUserNameDataProvider" time="69.375" errors="0" timestamp="2023-06-25T15:55:16 IST" skipped="0">
  <testcase classname="testNGpolicybazaarusingXMLfile.ValidatedPolicyUserNameDataProvider" name="verifyUserName" time="21.259"/>
  <testcase classname="testNGpolicybazaarusingXMLfile.ValidatedPolicyUserNameDataProvider" name="verifyUserName" time="20.884"/>
  <testcase classname="testNGpolicybazaarusingXMLfile.ValidatedPolicyUserNameDataProvider" name="verifyUserName" time="27.232"/>
</testsuite> <!-- testNGpolicybazaarusingXMLfile.ValidatedPolicyUserNameDataProvider -->
