<?xml version="1.0" encoding="UTF-8"?>
<!-- Generated by org.testng.reporters.JUnitReportReporter -->
<testsuite hostname="DESKTOP-3V017FK" failures="0" tests="4" name="testNGxml.GroupUsed2" time="0.011" errors="0" timestamp="2023-06-16T11:52:34 IST" skipped="0">
  <testcase classname="testNGxml.GroupUsed2" name="mymethod8" time="0.004">
    <system-out>
      <![CDATA[method 8]]>
    </system-out>
  </testcase> <!-- mymethod8 -->
  <testcase classname="testNGxml.GroupUsed2" name="mymethod12" time="0.003">
    <system-out>
      <![CDATA[method 12]]>
    </system-out>
  </testcase> <!-- mymethod12 -->
  <testcase classname="testNGxml.GroupUsed2" name="mymethod10" time="0.002">
    <system-out>
      <![CDATA[method 10]]>
    </system-out>
  </testcase> <!-- mymethod10 -->
  <testcase classname="testNGxml.GroupUsed2" name="mymethod14" time="0.002">
    <system-out>
      <![CDATA[method 14]]>
    </system-out>
  </testcase> <!-- mymethod14 -->
  <system-out>
    <![CDATA[method 2
method 4
method 6
method 10
method 12
method 14
method 8]]>
  </system-out>
</testsuite> <!-- testNGxml.GroupUsed2 -->
