<?xml version="1.0" encoding="UTF-8"?>
<!-- Generated by org.testng.reporters.JUnitReportReporter -->
<testsuite hostname="DESKTOP-3V017FK" failures="0" tests="4" name="testNGxml.Testing1" time="0.017" errors="0" timestamp="2023-06-16T10:52:09 IST" skipped="0">
  <testcase classname="testNGxml.Testing1" name="g" time="0.003">
    <system-out>
      <![CDATA[g is running]]>
    </system-out>
  </testcase> <!-- g -->
  <testcase classname="testNGxml.Testing1" name="e" time="0.010">
    <system-out>
      <![CDATA[e is running]]>
    </system-out>
  </testcase> <!-- e -->
  <testcase classname="testNGxml.Testing1" name="f" time="0.001">
    <system-out>
      <![CDATA[f is running]]>
    </system-out>
  </testcase> <!-- f -->
  <testcase classname="testNGxml.Testing1" name="h" time="0.003">
    <system-out>
      <![CDATA[h is running]]>
    </system-out>
  </testcase> <!-- h -->
  <system-out>
    <![CDATA[e is running
f is running
g is running
h is running
a is running
b is running
c is running
b is runing
a is runing
c is runing]]>
  </system-out>
</testsuite> <!-- testNGxml.Testing1 -->
