<?xml version="1.0" encoding="UTF-8"?>
<!-- Generated by org.testng.reporters.JUnitReportReporter -->
<testsuite hostname="DESKTOP-3V017FK" failures="0" tests="1" name="testNGstudy.MytestNGClass" time="7.845" errors="0" timestamp="2023-06-11T12:07:58 IST" skipped="0">
  <testcase classname="testNGstudy.MytestNGClass" name="f" time="7.845">
    <system-out>
      <![CDATA[hii all
hii all---> log]]>
    </system-out>
  </testcase> <!-- f -->
  <system-out>
    <![CDATA[hii all
hii all---> log]]>
  </system-out>
</testsuite> <!-- testNGstudy.MytestNGClass -->
