<?xml version="1.0" encoding="UTF-8"?>
<!-- Generated by org.testng.reporters.JUnitReportReporter -->
<testsuite hostname="DESKTOP-3V017FK" failures="0" tests="1" name="crossBrowser.firefoxtest" time="10.104" errors="0" timestamp="2023-06-18T21:23:03 IST" skipped="0">
  <testcase classname="crossBrowser.firefoxtest" name="demo" time="10.104"/>
</testsuite> <!-- crossBrowser.firefoxtest -->
