<?xml version="1.0" encoding="UTF-8"?>
<!-- Generated by org.testng.reporters.JUnitReportReporter -->
<testsuite hostname="DESKTOP-3V017FK" failures="0" tests="1" name="testNGpolicybazaarusingXMLfile.ValidatedPolicyUserName1" time="8.730" errors="0" timestamp="2023-06-25T15:08:01 IST" skipped="0">
  <testcase classname="testNGpolicybazaarusingXMLfile.ValidatedPolicyUserName1" name="verifyUserName" time="8.730"/>
</testsuite> <!-- testNGpolicybazaarusingXMLfile.ValidatedPolicyUserName1 -->
