<?xml version="1.0" encoding="UTF-8"?>
<!-- Generated by org.testng.reporters.JUnitReportReporter -->
<testsuite hostname="DESKTOP-3V017FK" failures="0" tests="1" name="serialParallel.serialtestNG" time="11.806" errors="0" timestamp="2023-06-18T10:40:10 IST" skipped="0">
  <testcase classname="serialParallel.serialtestNG" name="fb" time="11.806"/>
</testsuite> <!-- serialParallel.serialtestNG -->
