<?xml version="1.0" encoding="UTF-8"?>
<!-- Generated by org.testng.reporters.JUnitReportReporter -->
<testsuite hostname="DESKTOP-3V017FK" failures="0" tests="1" name="varificationUsingTestNG.ValidatedURL" time="16.946" errors="0" timestamp="2023-06-19T13:08:56 IST" skipped="0">
  <testcase classname="varificationUsingTestNG.ValidatedURL" name="validatedURLname" time="16.946">
    <system-out>
      <![CDATA[Actual and expected URL are matching tc is pass]]>
    </system-out>
  </testcase> <!-- validatedURLname -->
  <system-out>
    <![CDATA[Actual and expected URL are matching tc is pass]]>
  </system-out>
</testsuite> <!-- varificationUsingTestNG.ValidatedURL -->
