<?xml version="1.0" encoding="UTF-8"?>
<!-- Generated by org.testng.reporters.JUnitReportReporter -->
<testsuite hostname="DESKTOP-3V017FK" failures="0" tests="4" name="testNGannotation.priorityTest" time="0.017" errors="0" timestamp="2023-06-12T15:54:30 IST" skipped="0">
  <testcase classname="testNGannotation.priorityTest" name="a" time="0.011">
    <system-out>
      <![CDATA[method a is running]]>
    </system-out>
  </testcase> <!-- a -->
  <testcase classname="testNGannotation.priorityTest" name="d" time="0.002">
    <system-out>
      <![CDATA[method d is running]]>
    </system-out>
  </testcase> <!-- d -->
  <testcase classname="testNGannotation.priorityTest" name="c" time="0.002">
    <system-out>
      <![CDATA[method c is running]]>
    </system-out>
  </testcase> <!-- c -->
  <testcase classname="testNGannotation.priorityTest" name="b" time="0.002">
    <system-out>
      <![CDATA[method b is running]]>
    </system-out>
  </testcase> <!-- b -->
  <system-out>
    <![CDATA[method a is running
method d is running
method c is running
method b is running]]>
  </system-out>
</testsuite> <!-- testNGannotation.priorityTest -->
