<?xml version="1.0" encoding="UTF-8"?>
<!-- Generated by org.testng.reporters.JUnitReportReporter -->
<testsuite hostname="DESKTOP-3V017FK" failures="0" tests="2" name="testNGannotation.TestStudy" time="0.024" errors="0" timestamp="2023-06-11T15:39:35 IST" skipped="0">
  <testcase classname="testNGannotation.TestStudy" name="pleasevalidpassword" time="0.015"/>
  <testcase classname="testNGannotation.TestStudy" name="validEmailid" time="0.009"/>
</testsuite> <!-- testNGannotation.TestStudy -->
