<?xml version="1.0" encoding="UTF-8"?>
<!-- Generated by org.testng.reporters.JUnitReportReporter -->
<testsuite hostname="DESKTOP-3V017FK" failures="0" tests="3" name="crossBrowser.demo" time="55.437" errors="0" timestamp="2023-06-19T17:47:50 IST" skipped="0">
  <testcase classname="crossBrowser.demo" name="login1" time="17.101"/>
  <testcase classname="crossBrowser.demo" name="login1" time="18.355"/>
  <testcase classname="crossBrowser.demo" name="login1" time="19.981"/>
</testsuite> <!-- crossBrowser.demo -->
