<?xml version="1.0" encoding="UTF-8"?>
<!-- Generated by org.testng.reporters.JUnitReportReporter -->
<testsuite hostname="DESKTOP-3V017FK" failures="0" tests="1" name="testStudy.ValidatedPolicyUserName" time="16.813" errors="0" timestamp="2023-06-27T18:06:34 IST" skipped="0">
  <testcase classname="testStudy.ValidatedPolicyUserName" name="validatedusername" time="16.813">
    <system-out>
      <![CDATA[waiting for1000mili sec
waiting for1000mili sec
getting actual user name
read in data from excel row data0cell data is 2
waiting for1000mili sec
TakeScreenshot
takeing Screen shotC:\ScreenShortFile\myscreenshot.png]]>
    </system-out>
  </testcase> <!-- validatedusername -->
  <system-out>
    <![CDATA[waiting for100mili sec
lunching Browser
waiting for1000mili sec
click on sign in button
waiting for1000mili sec
read in data from excel row data0cell data is 0
inter mobile number
waiting for1000mili sec
click with sign in button
waiting for1000mili sec
read in data from excel row data0cell data is 1
inter password
waiting for1000mili sec
login with sign in button home page
waiting for2000mili sec
my account page 
waiting for1000mili sec
my profile page
waiting for1000mili sec
switching to child page id 
waiting for1000mili sec
waiting for1000mili sec
getting actual user name
read in data from excel row data0cell data is 2
waiting for1000mili sec
TakeScreenshot
takeing Screen shotC:\ScreenShortFile\myscreenshot.png
clicking logging out...
waiting for1000mili sec
Closing Browser]]>
  </system-out>
</testsuite> <!-- testStudy.ValidatedPolicyUserName -->
