<?xml version="1.0" encoding="UTF-8"?>
<!-- Generated by org.testng.reporters.JUnitReportReporter -->
<testsuite hostname="DESKTOP-3V017FK" failures="0" tests="1" name="testNGPompolicy.ValidatedPolicyUserName" time="10.213" errors="0" timestamp="2023-06-25T13:11:49 IST" skipped="0">
  <testcase classname="testNGPompolicy.ValidatedPolicyUserName" name="verifyUserName" time="10.213"/>
</testsuite> <!-- testNGPompolicy.ValidatedPolicyUserName -->
