<?xml version="1.0" encoding="UTF-8"?>
<!-- Generated by org.testng.reporters.JUnitReportReporter -->
<testsuite hostname="DESKTOP-3V017FK" failures="0" tests="4" name="testNGxml.TestMethodUsed1" time="0.012" errors="0" timestamp="2023-06-16T11:27:55 IST" skipped="0">
  <testcase classname="testNGxml.TestMethodUsed1" name="mymethod12" time="0.003">
    <system-out>
      <![CDATA[method 12]]>
    </system-out>
  </testcase> <!-- mymethod12 -->
  <testcase classname="testNGxml.TestMethodUsed1" name="mymethod13" time="0.004">
    <system-out>
      <![CDATA[method 13]]>
    </system-out>
  </testcase> <!-- mymethod13 -->
  <testcase classname="testNGxml.TestMethodUsed1" name="mymethod14" time="0.003">
    <system-out>
      <![CDATA[method 14]]>
    </system-out>
  </testcase> <!-- mymethod14 -->
  <testcase classname="testNGxml.TestMethodUsed1" name="mymethod11" time="0.002">
    <system-out>
      <![CDATA[method 11]]>
    </system-out>
  </testcase> <!-- mymethod11 -->
  <system-out>
    <![CDATA[method 1
method 2
method 3
method 11
method 12
method 13
method 14]]>
  </system-out>
</testsuite> <!-- testNGxml.TestMethodUsed1 -->
