<?xml version="1.0" encoding="UTF-8"?>
<!-- Generated by org.testng.reporters.JUnitReportReporter -->
<testsuite hostname="DESKTOP-3V017FK" failures="0" tests="5" name="testNGannotation.EnableTest" time="0.016" errors="0" timestamp="2023-06-12T16:05:01 IST" skipped="1">
  <testcase classname="testNGannotation.EnableTest" name="c" time="0.002">
    <system-out>
      <![CDATA[method 3 is running]]>
    </system-out>
  </testcase> <!-- c -->
  <testcase classname="testNGannotation.EnableTest" name="d" time="0.001">
    <system-out>
      <![CDATA[method 4 is running]]>
    </system-out>
  </testcase> <!-- d -->
  <testcase classname="testNGannotation.EnableTest" name="e" time="0.002">
    <system-out>
      <![CDATA[method 5 is running]]>
    </system-out>
  </testcase> <!-- e -->
  <testcase classname="testNGannotation.EnableTest" name="a" time="0.011">
    <system-out>
      <![CDATA[method 1 is running]]>
    </system-out>
  </testcase> <!-- a -->
  <testcase classname="testNGannotation.EnableTest" name="b">
    <skipped/>
  </testcase> <!-- b -->
  <system-out>
    <![CDATA[method 1 is running
method 3 is running
method 4 is running
method 5 is running]]>
  </system-out>
</testsuite> <!-- testNGannotation.EnableTest -->
