<?xml version="1.0" encoding="UTF-8"?>
<!-- Generated by org.testng.reporters.JUnitReportReporter -->
<testsuite hostname="DESKTOP-3V017FK" failures="0" tests="5" name="testNGannotation.InvocationCountNo" time="0.018" errors="0" timestamp="2023-06-12T15:38:51 IST" skipped="0">
  <testcase classname="testNGannotation.InvocationCountNo" name="Busbooking" time="0.002">
    <system-out>
      <![CDATA[busbooking is running]]>
    </system-out>
  </testcase> <!-- Busbooking -->
  <testcase classname="testNGannotation.InvocationCountNo" name="Busbooking" time="0.002">
    <system-out>
      <![CDATA[busbooking is running]]>
    </system-out>
  </testcase> <!-- Busbooking -->
  <testcase classname="testNGannotation.InvocationCountNo" name="Busbooking" time="0.002">
    <system-out>
      <![CDATA[busbooking is running]]>
    </system-out>
  </testcase> <!-- Busbooking -->
  <testcase classname="testNGannotation.InvocationCountNo" name="Busbooking" time="0.010">
    <system-out>
      <![CDATA[busbooking is running]]>
    </system-out>
  </testcase> <!-- Busbooking -->
  <testcase classname="testNGannotation.InvocationCountNo" name="Busbooking" time="0.002">
    <system-out>
      <![CDATA[busbooking is running]]>
    </system-out>
  </testcase> <!-- Busbooking -->
  <system-out>
    <![CDATA[busbooking is running
busbooking is running
busbooking is running
busbooking is running
busbooking is running]]>
  </system-out>
</testsuite> <!-- testNGannotation.InvocationCountNo -->
