<?xml version="1.0" encoding="UTF-8"?>
<!-- Generated by org.testng.reporters.JUnitReportReporter -->
<testsuite hostname="DESKTOP-3V017FK" failures="0" tests="3" name="dataProvider.CreateFBaccount" time="24.027" errors="0" timestamp="2023-06-25T12:57:49 IST" skipped="0">
  <testcase classname="dataProvider.CreateFBaccount" name="FBdataProvider" time="7.527"/>
  <testcase classname="dataProvider.CreateFBaccount" name="FBdataProvider" time="9.946"/>
  <testcase classname="dataProvider.CreateFBaccount" name="FBdataProvider" time="6.554"/>
</testsuite> <!-- dataProvider.CreateFBaccount -->
