<?xml version="1.0" encoding="UTF-8"?>
<!-- Generated by org.testng.reporters.JUnitReportReporter -->
<testsuite hostname="DESKTOP-3V017FK" failures="0" tests="3" name="crossBrowser.NewBrowser" time="29.191" errors="0" timestamp="2023-06-19T18:21:39 IST" skipped="0">
  <testcase classname="crossBrowser.NewBrowser" name="testclass" time="8.381"/>
  <testcase classname="crossBrowser.NewBrowser" name="testclass" time="12.647"/>
  <testcase classname="crossBrowser.NewBrowser" name="testclass" time="8.163"/>
</testsuite> <!-- crossBrowser.NewBrowser -->
