<?xml version="1.0" encoding="UTF-8"?>
<!-- Generated by org.testng.reporters.JUnitReportReporter -->
<testsuite hostname="DESKTOP-3V017FK" failures="0" tests="2" name="testNGannotation.Studyofannotation" time="0.011" errors="0" timestamp="2023-06-11T15:12:40 IST" skipped="0">
  <testcase classname="testNGannotation.Studyofannotation" name="validateGender" time="0.002"/>
  <testcase classname="testNGannotation.Studyofannotation" name="ValidateUserName" time="0.009"/>
</testsuite> <!-- testNGannotation.Studyofannotation -->
