<?xml version="1.0" encoding="UTF-8"?>
<!-- Generated by org.testng.reporters.JUnitReportReporter -->
<testsuite hostname="DESKTOP-3V017FK" failures="0" tests="3" name="testNGxml.TestMethodUsed" time="0.012" errors="0" timestamp="2023-07-18T19:18:52 IST" skipped="0">
  <testcase classname="testNGxml.TestMethodUsed" name="mymethod2" time="0.001">
    <system-out>
      <![CDATA[method 2]]>
    </system-out>
  </testcase> <!-- mymethod2 -->
  <testcase classname="testNGxml.TestMethodUsed" name="mymethod1" time="0.010">
    <system-out>
      <![CDATA[method 1]]>
    </system-out>
  </testcase> <!-- mymethod1 -->
  <testcase classname="testNGxml.TestMethodUsed" name="mymethod3" time="0.001">
    <system-out>
      <![CDATA[method 3]]>
    </system-out>
  </testcase> <!-- mymethod3 -->
  <system-out>
    <![CDATA[method 1
method 2
method 3]]>
  </system-out>
</testsuite> <!-- testNGxml.TestMethodUsed -->
