<?xml version="1.0" encoding="UTF-8"?>
<!-- Generated by org.testng.reporters.JUnitReportReporter -->
<testsuite hostname="DESKTOP-3V017FK" failures="0" tests="3" name="testNGxml.GroupUsed1" time="0.014" errors="0" timestamp="2023-06-16T11:52:34 IST" skipped="0">
  <testcase classname="testNGxml.GroupUsed1" name="mymethod6" time="0.002">
    <system-out>
      <![CDATA[method 6]]>
    </system-out>
  </testcase> <!-- mymethod6 -->
  <testcase classname="testNGxml.GroupUsed1" name="mymethod4" time="0.002">
    <system-out>
      <![CDATA[method 4]]>
    </system-out>
  </testcase> <!-- mymethod4 -->
  <testcase classname="testNGxml.GroupUsed1" name="mymethod2" time="0.010">
    <system-out>
      <![CDATA[method 2]]>
    </system-out>
  </testcase> <!-- mymethod2 -->
  <system-out>
    <![CDATA[method 2
method 4
method 6
method 10
method 12
method 14
method 8]]>
  </system-out>
</testsuite> <!-- testNGxml.GroupUsed1 -->
