<?xml version="1.0" encoding="UTF-8"?>
<!-- Generated by org.testng.reporters.JUnitReportReporter -->
<testsuite hostname="DESKTOP-3V017FK" failures="0" tests="1" name="testNGassert.TestNGdemo" time="0.013" errors="0" timestamp="2023-06-20T12:30:48 IST" skipped="0">
  <testcase classname="testNGassert.TestNGdemo" name="demo" time="0.013"/>
</testsuite> <!-- testNGassert.TestNGdemo -->
